\BOOKMARK [0][-]{chapter.1}{Introduction}{}% 1
\BOOKMARK [1][-]{section.1.1}{Proposed Solution}{chapter.1}% 2
\BOOKMARK [0][-]{chapter.2}{Background}{}% 3
\BOOKMARK [1][-]{section.2.1}{Cheminformatics}{chapter.2}% 4
\BOOKMARK [2][-]{subsection.2.1.1}{Representing Molecules in Computers}{section.2.1}% 5
\BOOKMARK [2][-]{subsection.2.1.2}{Molecular Representation and Similarity}{section.2.1}% 6
\BOOKMARK [1][-]{section.2.2}{Drug Design and Discovery}{chapter.2}% 7
\BOOKMARK [1][-]{section.2.3}{CNS Drug Design and the Blood Brain Barrier}{chapter.2}% 8
\BOOKMARK [0][-]{chapter.3}{Machine Learning Classifiers}{}% 9
\BOOKMARK [1][-]{section.3.1}{Data Representation and Preprocessing}{chapter.3}% 10
\BOOKMARK [1][-]{section.3.2}{Unsupervised Learning}{chapter.3}% 11
\BOOKMARK [2][-]{subsection.3.2.1}{Principal Component Analysis \(PCA\)}{section.3.2}% 12
\BOOKMARK [2][-]{subsection.3.2.2}{Manifold Learning with t-SNE}{section.3.2}% 13
\BOOKMARK [2][-]{subsection.3.2.3}{Clustering}{section.3.2}% 14
\BOOKMARK [1][-]{section.3.3}{Machine Learning Models}{chapter.3}% 15
\BOOKMARK [2][-]{subsection.3.3.1}{K-Nearest Neighbours}{section.3.3}% 16
\BOOKMARK [2][-]{subsection.3.3.2}{Support Vector Machines}{section.3.3}% 17
\BOOKMARK [2][-]{subsection.3.3.3}{Decision Trees}{section.3.3}% 18
\BOOKMARK [2][-]{subsection.3.3.4}{Neural Networks}{section.3.3}% 19
\BOOKMARK [2][-]{subsection.3.3.5}{Ensemble Classifier}{section.3.3}% 20
\BOOKMARK [0][-]{chapter.4}{Model Evaluation and Persistence}{}% 21
\BOOKMARK [1][-]{section.4.1}{Model Evaluation}{chapter.4}% 22
\BOOKMARK [2][-]{subsection.4.1.1}{Measuring Accuracy using K-Fold Cross Validation}{section.4.1}% 23
\BOOKMARK [2][-]{subsection.4.1.2}{Understanding models using Confusion matrices}{section.4.1}% 24
\BOOKMARK [2][-]{subsection.4.1.3}{Classifier Performance Comparison}{section.4.1}% 25
\BOOKMARK [1][-]{section.4.2}{Model Persistence}{chapter.4}% 26
\BOOKMARK [0][-]{chapter.5}{Conclusion}{}% 27
\BOOKMARK [1][-]{section.5.1}{Integration into a Web Application}{chapter.5}% 28
\BOOKMARK [1][-]{section.5.2}{Areas for improvement}{chapter.5}% 29
\BOOKMARK [2][-]{subsection.5.2.1}{Automatic lookup of smile from molecule name}{section.5.2}% 30
\BOOKMARK [2][-]{subsection.5.2.2}{Deep Learning in virtual screening}{section.5.2}% 31
